1612883216853	geckodriver	INFO	Listening on 127.0.0.1:55024
1612883219941	mozrunner::runner	INFO	Running command: "C:\\Program Files\\Mozilla Firefox\\firefox.exe" "--marionette" "-foreground" "-no-remote" "-profile" "C:\\Users\\juan\\AppData\\Local\\Temp\\rust_mozprofileE8GIJe"
console.warn: SearchSettings: "get: No settings file exists, new profile?" (new Error("", "(unknown module)"))
1612883222631	Marionette	INFO	Listening on port 55033
1612883223185	Marionette	WARN	TLS certificate errors will be ignored for this session
1612883223203	Marionette	ERROR	[15] No reply from Marionette:Register

###!!! [Child][MessageChannel] Error: (msgtype=0x3A0144,name=PContent::Msg_ScriptError) Channel closing: too late to send/recv, messages will be lost


###!!! [Child][MessageChannel] Error: (msgtype=0xB60006,name=PWebSocket::Msg_DeleteSelf) Channel closing: too late to send/recv, messages will be lost

1612883251678	Marionette	INFO	Stopped listening on port 55033

###!!! [Child][RunMessage] Error: Channel closing: too late to send/recv, messages will be lost

1612883291759	geckodriver	INFO	Listening on 127.0.0.1:55141
1612883294837	mozrunner::runner	INFO	Running command: "C:\\Program Files\\Mozilla Firefox\\firefox.exe" "--marionette" "-foreground" "-no-remote" "-profile" "C:\\Users\\juan\\AppData\\Local\\Temp\\rust_mozprofileIBhBfO"
console.warn: SearchSettings: "get: No settings file exists, new profile?" (new Error("", "(unknown module)"))
1612883297540	Marionette	INFO	Listening on port 55152
1612883298038	Marionette	WARN	TLS certificate errors will be ignored for this session
1612883298055	Marionette	ERROR	[15] No reply from Marionette:Register
console.error: Region.jsm: "Error fetching region" (new Error("TIMEOUT", "resource://gre/modules/Region.jsm", 775))
console.error: Region.jsm: "Failed to fetch region" (new Error("TIMEOUT", "resource://gre/modules/Region.jsm", 422))
1612883353536	Marionette	INFO	Stopped listening on port 55152

###!!! [Child][RunMessage] Error: Channel closing: too late to send/recv, messages will be lost

1612883747767	geckodriver	INFO	Listening on 127.0.0.1:55520
1612883750826	mozrunner::runner	INFO	Running command: "C:\\Program Files\\Mozilla Firefox\\firefox.exe" "--marionette" "-foreground" "-no-remote" "-profile" "C:\\Users\\juan\\AppData\\Local\\Temp\\rust_mozprofileMHZ5fC"
console.warn: SearchSettings: "get: No settings file exists, new profile?" (new Error("", "(unknown module)"))
1612883753310	Marionette	INFO	Listening on port 55529
console.warn: SearchSettings: "get: No settings file exists, new profile?" (new Error("", "(unknown module)"))
1612883753517	Marionette	WARN	TLS certificate errors will be ignored for this session
1612883753532	Marionette	ERROR	[15] No reply from Marionette:Register
1612883756729	Marionette	INFO	Stopped listening on port 55529

###!!! [Child][RunMessage] Error: Channel closing: too late to send/recv, messages will be lost

1612883791013	geckodriver	INFO	Listening on 127.0.0.1:55584
1612883794072	mozrunner::runner	INFO	Running command: "C:\\Program Files\\Mozilla Firefox\\firefox.exe" "--marionette" "-foreground" "-no-remote" "-profile" "C:\\Users\\juan\\AppData\\Local\\Temp\\rust_mozprofileYjQgVK"
console.warn: SearchSettings: "get: No settings file exists, new profile?" (new Error("", "(unknown module)"))
1612883796445	Marionette	INFO	Listening on port 55593
1612883796753	Marionette	WARN	TLS certificate errors will be ignored for this session
1612883796769	Marionette	ERROR	[15] No reply from Marionette:Register
console.warn: SearchSettings: "get: No settings file exists, new profile?" (new Error("", "(unknown module)"))

###!!! [Child][RunMessage] Error: Channel closing: too late to send/recv, messages will be lost


###!!! [Child][RunMessage] Error: Channel closing: too late to send/recv, messages will be lost

1612883852140	Marionette	INFO	Stopped listening on port 55593

###!!! [Child][RunMessage] Error: Channel closing: too late to send/recv, messages will be lost

1612883953276	geckodriver	INFO	Listening on 127.0.0.1:55761
1612883956362	mozrunner::runner	INFO	Running command: "C:\\Program Files\\Mozilla Firefox\\firefox.exe" "--marionette" "-foreground" "-no-remote" "-profile" "C:\\Users\\juan\\AppData\\Local\\Temp\\rust_mozprofilenxNDEm"
console.warn: SearchSettings: "get: No settings file exists, new profile?" (new Error("", "(unknown module)"))
1612883958836	Marionette	INFO	Listening on port 55770
1612883959054	Marionette	WARN	TLS certificate errors will be ignored for this session
1612883959069	Marionette	ERROR	[15] No reply from Marionette:Register
1612883977334	Marionette	INFO	Stopped listening on port 55770

###!!! [Child][RunMessage] Error: Channel closing: too late to send/recv, messages will be lost

1612884125060	geckodriver	INFO	Listening on 127.0.0.1:55945
1612884128153	mozrunner::runner	INFO	Running command: "C:\\Program Files\\Mozilla Firefox\\firefox.exe" "--marionette" "-foreground" "-no-remote" "-profile" "C:\\Users\\juan\\AppData\\Local\\Temp\\rust_mozprofileblOCUY"
console.warn: SearchSettings: "get: No settings file exists, new profile?" (new Error("", "(unknown module)"))
1612884130681	Marionette	INFO	Listening on port 55956
console.warn: SearchSettings: "get: No settings file exists, new profile?" (new Error("", "(unknown module)"))
1612884130843	Marionette	WARN	TLS certificate errors will be ignored for this session
1612884130860	Marionette	ERROR	[15] No reply from Marionette:Register
1612884186738	Marionette	ERROR	[35] No reply from Marionette:Register
console.error: (new TypeError("nodeFront.walkerFront is null", "resource://devtools/client/inspector/markup/markup.js", 888))
TypeError: nodeFront.walkerFront is null: _onNewSelection@resource://devtools/client/inspector/markup/markup.js:888:7
_emit@resource://devtools/shared/event-emitter.js:226:34
emit@resource://devtools/shared/event-emitter.js:172:18
emit@resource://devtools/shared/event-emitter.js:324:18
setNodeFront@resource://devtools/client/framework/selection.js:161:10
onDetached@resource://devtools/client/inspector/inspector.js:1641:20
_emit@resource://devtools/shared/event-emitter.js:226:34
emit@resource://devtools/shared/event-emitter.js:172:18
emit@resource://devtools/shared/event-emitter.js:324:18
_onMutations@resource://devtools/client/framework/selection.js:104:12
_emit@resource://devtools/shared/event-emitter.js:226:34
emit@resource://devtools/shared/event-emitter.js:172:18
emit@resource://devtools/shared/event-emitter.js:324:18
getMutations@resource://devtools/client/fronts/walker.js:358:10

console.error: (new Error("Can not send request 'getAllSelectors' because front 'domnode' is already destroyed.", "resource://devtools/shared/protocol/Front/FrontClassWithSpec.js", 28))
Error: Can not send request 'getAllSelectors' because front 'domnode' is already destroyed.: generateRequestMethods/</frontProto[name]@resource://devtools/shared/protocol/Front/FrontClassWithSpec.js:28:15
updateSelectionCssSelectors@resource://devtools/client/inspector/inspector.js:1455:32
onNewSelection@resource://devtools/client/inspector/inspector.js:1526:10
_emit@resource://devtools/shared/event-emitter.js:226:34
emit@resource://devtools/shared/event-emitter.js:172:18
emit@resource://devtools/shared/event-emitter.js:324:18
setNodeFront@resource://devtools/client/framework/selection.js:161:10
onDetached@resource://devtools/client/inspector/inspector.js:1641:20
_emit@resource://devtools/shared/event-emitter.js:226:34
emit@resource://devtools/shared/event-emitter.js:172:18
emit@resource://devtools/shared/event-emitter.js:324:18
_onMutations@resource://devtools/client/framework/selection.js:104:12
_emit@resource://devtools/shared/event-emitter.js:226:34
emit@resource://devtools/shared/event-emitter.js:172:18
emit@resource://devtools/shared/event-emitter.js:324:18
getMutations@resource://devtools/client/fronts/walker.js:358:10

console.error: (new TypeError("parent is null", "resource://devtools/client/inspector/shared/style-change-tracker.js", 67))
TypeError: parent is null: canMutationImpactCurrentStyles@resource://devtools/client/inspector/shared/style-change-tracker.js:67:24
onMutations@resource://devtools/client/inspector/shared/style-change-tracker.js:84:41
_emit@resource://devtools/shared/event-emitter.js:226:34
emit@resource://devtools/shared/event-emitter.js:172:18
emit@resource://devtools/shared/event-emitter.js:324:18
getMutations@resource://devtools/client/fronts/walker.js:358:10

console.error: (new TypeError("parent is null", "resource://devtools/client/inspector/shared/style-change-tracker.js", 67))
TypeError: parent is null: canMutationImpactCurrentStyles@resource://devtools/client/inspector/shared/style-change-tracker.js:67:24
onMutations@resource://devtools/client/inspector/shared/style-change-tracker.js:84:41
_emit@resource://devtools/shared/event-emitter.js:226:34
emit@resource://devtools/shared/event-emitter.js:172:18
emit@resource://devtools/shared/event-emitter.js:324:18
getMutations@resource://devtools/client/fronts/walker.js:358:10


###!!! [Child][RunMessage] Error: Channel closing: too late to send/recv, messages will be lost

1612884239099	Marionette	INFO	Stopped listening on port 55956

###!!! [Child][RunMessage] Error: Channel closing: too late to send/recv, messages will be lost

1612888121469	geckodriver	INFO	Listening on 127.0.0.1:59350
1612888124545	mozrunner::runner	INFO	Running command: "C:\\Program Files\\Mozilla Firefox\\firefox.exe" "--marionette" "-foreground" "-no-remote" "-profile" "C:\\Users\\juan\\AppData\\Local\\Temp\\rust_mozprofile2Xoek7"
console.warn: SearchSettings: "get: No settings file exists, new profile?" (new Error("", "(unknown module)"))
1612888127539	Marionette	INFO	Listening on port 59359
1612888127732	Marionette	WARN	TLS certificate errors will be ignored for this session
1612888127747	Marionette	ERROR	[15] No reply from Marionette:Register
console.warn: SearchSettings: "get: No settings file exists, new profile?" (new Error("", "(unknown module)"))
1612888135001	Marionette	INFO	Stopped listening on port 59359

###!!! [Child][RunMessage] Error: Channel closing: too late to send/recv, messages will be lost

1612888209857	geckodriver	INFO	Listening on 127.0.0.1:59447
1612888212928	mozrunner::runner	INFO	Running command: "C:\\Program Files\\Mozilla Firefox\\firefox.exe" "--marionette" "-foreground" "-no-remote" "-profile" "C:\\Users\\juan\\AppData\\Local\\Temp\\rust_mozprofileNTGioi"
console.warn: SearchSettings: "get: No settings file exists, new profile?" (new Error("", "(unknown module)"))
1612888215784	Marionette	INFO	Listening on port 59457
console.warn: SearchSettings: "get: No settings file exists, new profile?" (new Error("", "(unknown module)"))
1612888216125	Marionette	WARN	TLS certificate errors will be ignored for this session
1612888216143	Marionette	ERROR	[15] No reply from Marionette:Register
1612888221943	Marionette	INFO	Stopped listening on port 59457

###!!! [Child][RunMessage] Error: Channel closing: too late to send/recv, messages will be lost

1612889211104	geckodriver	INFO	Listening on 127.0.0.1:60205
1612889214163	mozrunner::runner	INFO	Running command: "C:\\Program Files\\Mozilla Firefox\\firefox.exe" "--marionette" "-foreground" "-no-remote" "-profile" "C:\\Users\\juan\\AppData\\Local\\Temp\\rust_mozprofileLolcPG"
console.warn: SearchSettings: "get: No settings file exists, new profile?" (new Error("", "(unknown module)"))
1612889216698	Marionette	INFO	Listening on port 60214
1612889216865	Marionette	WARN	TLS certificate errors will be ignored for this session
1612889216883	Marionette	ERROR	[15] No reply from Marionette:Register
console.warn: SearchSettings: "get: No settings file exists, new profile?" (new Error("", "(unknown module)"))
1612889241143	Marionette	INFO	Stopped listening on port 60214

###!!! [Child][RunMessage] Error: Channel closing: too late to send/recv, messages will be lost

1612889314600	geckodriver	INFO	Listening on 127.0.0.1:60343
1612889317703	mozrunner::runner	INFO	Running command: "C:\\Program Files\\Mozilla Firefox\\firefox.exe" "--marionette" "-foreground" "-no-remote" "-profile" "C:\\Users\\juan\\AppData\\Local\\Temp\\rust_mozprofilei18Ryh"
console.warn: SearchSettings: "get: No settings file exists, new profile?" (new Error("", "(unknown module)"))
1612889320502	Marionette	INFO	Listening on port 60353
console.warn: SearchSettings: "get: No settings file exists, new profile?" (new Error("", "(unknown module)"))
1612889320936	Marionette	WARN	TLS certificate errors will be ignored for this session
1612889320954	Marionette	ERROR	[15] No reply from Marionette:Register
1612889383580	Marionette	INFO	Stopped listening on port 60353

###!!! [Child][RunMessage] Error: Channel closing: too late to send/recv, messages will be lost

1612889599451	geckodriver	INFO	Listening on 127.0.0.1:60593
1612889602526	mozrunner::runner	INFO	Running command: "C:\\Program Files\\Mozilla Firefox\\firefox.exe" "--marionette" "-foreground" "-no-remote" "-profile" "C:\\Users\\juan\\AppData\\Local\\Temp\\rust_mozprofilesDMFfW"
console.warn: SearchSettings: "get: No settings file exists, new profile?" (new Error("", "(unknown module)"))
1612889604905	Marionette	INFO	Listening on port 60604
1612889605177	Marionette	WARN	TLS certificate errors will be ignored for this session
1612889605192	Marionette	ERROR	[15] No reply from Marionette:Register
console.warn: SearchSettings: "get: No settings file exists, new profile?" (new Error("", "(unknown module)"))
1612889625772	Marionette	INFO	Stopped listening on port 60604

###!!! [Child][RunMessage] Error: Channel closing: too late to send/recv, messages will be lost

1612889703264	geckodriver	INFO	Listening on 127.0.0.1:60734
1612889706345	mozrunner::runner	INFO	Running command: "C:\\Program Files\\Mozilla Firefox\\firefox.exe" "--marionette" "-foreground" "-no-remote" "-profile" "C:\\Users\\juan\\AppData\\Local\\Temp\\rust_mozprofile2bvCvi"
console.warn: SearchSettings: "get: No settings file exists, new profile?" (new Error("", "(unknown module)"))
1612889709007	Marionette	INFO	Listening on port 60745
console.warn: SearchSettings: "get: No settings file exists, new profile?" (new Error("", "(unknown module)"))
1612889709521	Marionette	WARN	TLS certificate errors will be ignored for this session
1612889709535	Marionette	ERROR	[18] No reply from Marionette:Register
1612889726322	Marionette	INFO	Stopped listening on port 60745

###!!! [Child][RunMessage] Error: Channel closing: too late to send/recv, messages will be lost

1612891160166	geckodriver	INFO	Listening on 127.0.0.1:61879
1612891163239	mozrunner::runner	INFO	Running command: "C:\\Program Files\\Mozilla Firefox\\firefox.exe" "--marionette" "-foreground" "-no-remote" "-profile" "C:\\Users\\juan\\AppData\\Local\\Temp\\rust_mozprofile3tMLjs"
console.warn: SearchSettings: "get: No settings file exists, new profile?" (new Error("", "(unknown module)"))
1612891165657	Marionette	INFO	Listening on port 61889
1612891165924	Marionette	WARN	TLS certificate errors will be ignored for this session
1612891165938	Marionette	ERROR	[15] No reply from Marionette:Register
console.warn: SearchSettings: "get: No settings file exists, new profile?" (new Error("", "(unknown module)"))
1612891199762	Marionette	INFO	Stopped listening on port 61889

###!!! [Child][RunMessage] Error: Channel closing: too late to send/recv, messages will be lost

1612891234157	geckodriver	INFO	Listening on 127.0.0.1:61987
1612891237207	mozrunner::runner	INFO	Running command: "C:\\Program Files\\Mozilla Firefox\\firefox.exe" "--marionette" "-foreground" "-no-remote" "-profile" "C:\\Users\\juan\\AppData\\Local\\Temp\\rust_mozprofiledM34gI"
console.warn: SearchSettings: "get: No settings file exists, new profile?" (new Error("", "(unknown module)"))
1612891239674	Marionette	INFO	Listening on port 61996
1612891239887	Marionette	WARN	TLS certificate errors will be ignored for this session
1612891239903	Marionette	ERROR	[15] No reply from Marionette:Register
console.warn: SearchSettings: "get: No settings file exists, new profile?" (new Error("", "(unknown module)"))
1612891262639	Marionette	INFO	Stopped listening on port 61996

###!!! [Child][RunMessage] Error: Channel closing: too late to send/recv, messages will be lost

1612896418835	geckodriver	INFO	Listening on 127.0.0.1:65408
1612896421888	mozrunner::runner	INFO	Running command: "C:\\Program Files\\Mozilla Firefox\\firefox.exe" "--marionette" "-foreground" "-no-remote" "-profile" "C:\\Users\\juan\\AppData\\Local\\Temp\\rust_mozprofilevYv21J"
console.warn: SearchSettings: "get: No settings file exists, new profile?" (new Error("", "(unknown module)"))
1612896424421	Marionette	INFO	Listening on port 65419
1612896424574	Marionette	WARN	TLS certificate errors will be ignored for this session
1612896424593	Marionette	ERROR	[15] No reply from Marionette:Register
console.warn: SearchSettings: "get: No settings file exists, new profile?" (new Error("", "(unknown module)"))
1612896586840	Marionette	INFO	Stopped listening on port 65419

###!!! [Child][RunMessage] Error: Channel closing: too late to send/recv, messages will be lost

"--marionette" "-foreground" "-no-remote" "-profile" "C:\\Users\\juan\\AppData\\Local\\Temp\\rust_mozprofileJs4J2E"
console.warn: SearchSettings: "get: No settings file exists, new profile?" (new Error("", "(unknown module)"))
1612896589420	Marionette	INFO	Listening on port 49217
console.warn: SearchSettings: "get: No settings file exists, new profile?" (new Error("", "(unknown module)"))
1612896589844	Marionette	WARN	TLS certificate errors will be ignored for this session
1612896589860	Marionette	ERROR	[15] No reply from Marionette:Register
1612896673688	Marionette	ERROR	[35] No reply from Marionette:Register

###!!! [Child][RunMessage] Error: Channel closing: too late to send/recv, messages will be lost

1612896974195	Marionette	INFO	Stopped listening on port 49217

###!!! [Child][RunMessage] Error: Channel closing: too late to send/recv, messages will be lost

1612896975919	geckodriver	INFO	Listening on 127.0.0.1:49523
1612896978986	mozrunner::runner	INFO	Running command: "C:\\Program Files\\Mozilla Firefox\\firefox.exe" "--marionette" "-foreground" "-no-remote" "-profile" "C:\\Users\\juan\\AppData\\Local\\Temp\\rust_mozprofileVkE4w3"
console.warn: SearchSettings: "get: No settings file exists, new profile?" (new Error("", "(unknown module)"))
console.warn: SearchSettings: "get: No settings file exists, new profile?" (new Error("", "(unknown module)"))
1612896981668	Marionette	INFO	Listening on port 49533
1612896982176	Marionette	WARN	TLS certificate errors will be ignored for this session
1612896982190	Marionette	ERROR	[18] No reply from Marionette:Register
1612897018631	Marionette	INFO	Stopped listening on port 49533

###!!! [Child][RunMessage] Error: Channel closing: too late to send/recv, messages will be lost

1612897495267	geckodriver	INFO	Listening on 127.0.0.1:49952
1612897498343	mozrunner::runner	INFO	Running command: "C:\\Program Files\\Mozilla Firefox\\firefox.exe" "--marionette" "-foreground" "-no-remote" "-profile" "C:\\Users\\juan\\AppData\\Local\\Temp\\rust_mozprofilet01geW"
console.warn: SearchSettings: "get: No settings file exists, new profile?" (new Error("", "(unknown module)"))
1612897501049	Marionette	INFO	Listening on port 49962
1612897501525	Marionette	WARN	TLS certificate errors will be ignored for this session
1612897501558	Marionette	ERROR	[15] No reply from Marionette:Register
1612897533394	Marionette	ERROR	[35] No reply from Marionette:Register

###!!! [Parent][MessageChannel] Error: (msgtype=0x1F0011,name=PBackgroundStorage::Msg_Observe) Channel error: cannot send/recv


###!!! [Parent][MessageChannel] Error: (msgtype=0x1F0011,name=PBackgroundStorage::Msg_Observe) Channel error: cannot send/recv

1612897588424	Marionette	INFO	Stopped listening on port 49962

###!!! [Child][RunMessage] Error: Channel closing: too late to send/recv, messages will be lost

1612897590288	geckodriver	INFO	Listening on 127.0.0.1:50102
1612897593372	mozrunner::runner	INFO	Running command: "C:\\Program Files\\Mozilla Firefox\\firefox.exe" "--marionette" "-foreground" "-no-remote" "-profile" "C:\\Users\\juan\\AppData\\Local\\Temp\\rust_mozprofilerdvYRn"
console.warn: SearchSettings: "get: No settings file exists, new profile?" (new Error("", "(unknown module)"))
1612897595861	Marionette	INFO	Listening on port 50111
console.warn: SearchSettings: "get: No settings file exists, new profile?" (new Error("", "(unknown module)"))
1612897596082	Marionette	WARN	TLS certificate errors will be ignored for this session
1612897596099	Marionette	ERROR	[15] No reply from Marionette:Register
1612897620262	Marionette	ERROR	[35] No reply from Marionette:Register
1612897653103	Marionette	ERROR	[39] No reply from Marionette:Register
1612897671145	Marionette	ERROR	[41] No reply from Marionette:Register
1612897681102	Marionette	INFO	Stopped listening on port 50111

###!!! [Child][RunMessage] Error: Channel closing: too late to send/recv, messages will be lost

1612897730441	geckodriver	INFO	Listening on 127.0.0.1:50278
1612897733518	mozrunner::runner	INFO	Running command: "C:\\Program Files\\Mozilla Firefox\\firefox.exe" "--marionette" "-foreground" "-no-remote" "-profile" "C:\\Users\\juan\\AppData\\Local\\Temp\\rust_mozprofilePxrZGR"
console.warn: SearchSettings: "get: No settings file exists, new profile?" (new Error("", "(unknown module)"))
1612897736161	Marionette	INFO	Listening on port 50287
1612897736201	Marionette	WARN	TLS certificate errors will be ignored for this session
1612897736218	Marionette	ERROR	[15] No reply from Marionette:Register
console.warn: SearchSettings: "get: No settings file exists, new profile?" (new Error("", "(unknown module)"))
1612897769187	Marionette	ERROR	[35] No reply from Marionette:Register
1612897781622	Marionette	ERROR	[39] No reply from Marionette:Register
1612897798488	Marionette	ERROR	[41] No reply from Marionette:Register
1612899525589	Marionette	ERROR	[43] No reply from Marionette:Register
console.warn: "Async method failed in safeAsyncMethod" (new Error("Connection closed, pending request to server0.conn0.child3/domwalker25, type cancelPick failed\n\nRequest stack:\nrequest@resource://devtools/shared/protocol/Front.js:288:14\ngenerateRequestMethods/</frontProto[naconsole.warn: SearchSettings: "get: No settings file exists, new profile?" (new Error("", "(unknown module)"))
1612901418980	Marionette	INFO	Listening on port 52930
1612901419267	Marionette	WARN	TLS certificate errors will be ignored for this session
1612901419282	Marionette	ERROR	[15] No reply from Marionette:Register
console.warn: SearchSettings: "get: No settings file exists, new profile?" (new Error("", "(unknown module)"))
1612901446545	Marionette	INFO	Stopped listening on port 52930

###!!! [Child][RunMessage] Error: Channel closing: too late to send/recv, messages will be lost

ntClassDestroy@resource://devtools/shared/protocol/Front.js:103:13\ndestroy@resource://devtools/shared/protocol/Front.js:67:10\ndestroy@resource://devtools/client/fronts/inspector.js:91:11\n_destroyTarget@resource://devtools/client/fronts/targets/target-mixin.js:603:17\n", "resource://devtools/shared/protocol/Front.js", 99))
1612901417066	Marionette	INFO	Stopped listening on port 50287

###!!! [Child][RunMessage] Error: Channel closing: too late to send/recv, messages will be lost

1612901490176	geckodriver	INFO	Listening on 127.0.0.1:53044
1612901493282	mozrunner::runner	INFO	Running command: "C:\\Program Files\\Mozilla Firefox\\firefox.exe" "--marionette" "-foreground" "-no-remote" "-profile" "C:\\Users\\juan\\AppData\\Local\\Temp\\rust_mozprofilellHbQb"
console.warn: SearchSettings: "get: No settings file exists, new profile?" (new Error("", "(unknown module)"))
1612901495672	Marionette	INFO	Listening on port 53056
1612901495980	Marionette	WARN	TLS certificate errors will be ignored for this session
1612901495993	Marionette	ERROR	[15] No reply from Marionette:Register
console.error: Region.jsm: "Error fetching region" (new TypeError("NetworkError when attempting to fetch resource.", ""))
console.error: Region.jsm: "Failed to fetch region" (new Error("NO_RESULT", "resource://gre/modules/Region.jsm", 422))
1612901498996	Marionette	INFO	Stopped listening on port 53056

###!!! [Child][RunMessage] Error: Channel closing: too late to send/recv, messages will be lost

1612901508208	geckodriver	INFO	Listening on 127.0.0.1:53101
1612901511275	mozrunner::runner	INFO	Running command: "C:\\Program Files\\Mozilla Firefox\\firefox.exe" "--marionette" "-foreground" "-no-remote" "-profile" "C:\\Users\\juan\\AppData\\Local\\Temp\\rust_mozprofileeEFTOH"
console.warn: SearchSettings: "get: No settings file exists, new profile?" (new Error("", "(unknown module)"))
1612901514003	Marionette	INFO	Listening on port 53110
console.warn: SearchSettings: "get: No settings file exists, new profile?" (new Error("", "(unknown module)"))
1612901514464	Marionette	WARN	TLS certificate errors will be ignored for this session
1612901514480	Marionette	ERROR	[15] No reply from Marionette:Register
1612901538567	Marionette	INFO	Stopped listening on port 53110

###!!! [Child][RunMessage] Error: Channel closing: too late to send/recv, messages will be lost

1612901603917	geckodriver	INFO	Listening on 127.0.0.1:53238
1612901606991	mozrunner::runner	INFO	Running command: "C:\\Program Files\\Mozilla Firefox\\firefox.exe" "--marionette" "-foreground" "-no-remote" "-profile" "C:\\Users\\juan\\AppData\\Local\\Temp\\rust_mozprofile4HoxQS"
console.warn: SearchSettings: "get: No settings file exists, new profile?" (new Error("", "(unknown module)"))
1612901609668	Marionette	INFO	Listening on port 53248
console.warn: SearchSettings: "get: No settings file exists, new profile?" (new Error("", "(unknown module)"))
1612901610184	Marionette	WARN	TLS certificate errors will be ignored for this session
1612901610197	Marionette	ERROR	[15] No reply from Marionette:Register
1612901662905	Marionette	ERROR	[35] No reply from Marionette:Register
1612901863191	Marionette	INFO	Stopped listening on port 53248

###!!! [Child][RunMessage] Error: Channel closing: too late to send/recv, messages will be lost

"--marionette" "-foreground" "-no-remote" "-profile" "C:\\Users\\juan\\AppData\\Local\\Temp\\rust_mozprofileTbZMH9"
console.warn: SearchSettings: "get: No settings file exists, new profile?" (new Error("", "(unknown module)"))
1612901720700	Marionette	INFO	Listening on port 53396
1612901721020	Marionette	WARN	TLS certificate errors will be ignored for this session
1612901721035	Marionette	ERROR	[15] No reply from Marionette:Register
console.warn: SearchSettings: "get: No settings file exists, new profile?" (new Error("", "(unknown module)"))
JavaScript error: , line 0: NotSupportedError: The media resource indicated by the src attribute or assigned media provider object was not suitable.
1612901758844	Marionette	INFO	Stopped listening on port 53396

###!!! [Child][RunMessage] Error: Channel closing: too late to send/recv, messages will be lost

1612901782490	geckodriver	INFO	Listening on 127.0.0.1:53489
1612901785599	mozrunner::runner	INFO	Running command: "C:\\Program Files\\Mozilla Firefox\\firefox.exe" "--marionette" "-foreground" "-no-remote" "-profile" "C:\\Users\\juan\\AppData\\Local\\Temp\\rust_mozprofileAOHNJf"
console.warn: SearchSettings: "get: No settings file exists, new profile?" (new Error("", "(unknown module)"))
1612901788309	Marionette	INFO	Listening on port 53498
console.warn: SearchSettings: "get: No settings file exists, new profile?" (new Error("", "(unknown module)"))
1612901788812	Marionette	WARN	TLS certificate errors will be ignored for this session
1612901788829	Marionette	ERROR	[15] No reply from Marionette:Register
1612901836847	Marionette	INFO	Stopped listening on port 53498

###!!! [Child][RunMessage] Error: Channel closing: too late to send/recv, messages will be lost

1612901865122	geckodriver	INFO	Listening on 127.0.0.1:53593
1612901868198	mozrunner::runner	INFO	Running command: "C:\\Program Files\\Mozilla Firefox\\firefox.exe" "--marionette" "-foreground" "-no-remote" "-profile" "C:\\Users\\juan\\AppData\\Local\\Temp\\rust_mozprofile7xBMQO"
console.warn: SearchSettings: "get: No settings file exists, new profile?" (new Error("", "(unknown module)"))
1612901870729	Marionette	INFO	Listening on port 53602
console.warn: SearchSettings: "get: No settings file exists, new profile?" (new Error("", "(unknown module)"))
1612901870917	Marionette	WARN	TLS certificate errors will be ignored for this session
1612901870934	Marionette	ERROR	[15] No reply from Marionette:Register

###!!! [Child][RunMessage] Error: Channel closing: too late to send/recv, messages will be lost

1612901912244	Marionette	INFO	Stopped listening on port 53602

###!!! [Child][RunMessage] Error: Channel closing: too late to send/recv, messages will be lost

1612903806794	geckodriver	INFO	Listening on 127.0.0.1:54940
1612903809848	mozrunner::runner	INFO	Running command: "C:\\Program Files\\Mozilla Firefox\\firefox.exe" "--marionette" "-foreground" "-no-remote" "-profile" "C:\\Users\\juan\\AppData\\Local\\Temp\\rust_mozprofileRHzaUM"
console.warn: SearchSettings: "get: No settings file exists, new profile?" (new Error("", "(unknown module)"))
console.warn: SearchSettings: "get: No settings file exists, new profile?" (new Error("", "(unknown module)"))
1612903812542	Marionette	INFO	Listening on port 54951
1612903813039	Marionette	WARN	TLS certificate errors will be ignored for this session
1612903813051	Marionette	ERROR	[15] No reply from Marionette:Register
1612903824970	Marionette	WARN	TimedPromise timed out after 500 ms: stacktrace:
TimedPromise/<@chrome://marionette/content/sync.js:235:19
TimedPromise@chrome://marionette/content/sync.js:220:10
interaction.flushEventLoop@chrome://marionette/content/interaction.js:418:10
webdriverClickElement@chrome://marionette/content/interaction.js:179:31
1612903838453	Marionette	INFO	Stopped listening on port 54951

###!!! [Child][RunMessage] Error: Channel closing: too late to send/recv, messages will be lost

1612904053003	geckodriver	INFO	Listening on 127.0.0.1:55163
1612904056084	mozrunner::runner	INFO	Running command: "C:\\Program Files\\Mozilla Firefox\\firefox.exe" "--marionette" "-foreground" "-no-remote" "-profile" "C:\\Users\\juan\\AppData\\Local\\Temp\\rust_mozprofileMhepmz"
console.warn: SearchSettings: "get: No settings file exists, new profile?" (new Error("", "(unknown module)"))
1612904058617	Marionette	INFO	Listening on port 55172
1612904058761	Marionette	WARN	TLS certificate errors will be ignored for this session
1612904058774	Marionette	ERROR	[15] No reply from Marionette:Register
console.warn: SearchSettings: "get: No settings file exists, new profile?" (new Error("", "(unknown module)"))
1612904086161	Marionette	INFO	Stopped listening on port 55172

###!!! [Child][RunMessage] Error: Channel closing: too late to send/recv, messages will be lost

1612904127465	geckodriver	INFO	Listening on 127.0.0.1:55286
1612904130550	mozrunner::runner	INFO	Running command: "C:\\Program Files\\Mozilla Firefox\\firefox.exe" "--marionette" "-foreground" "-no-remote" "-profile" "C:\\Users\\juan\\AppData\\Local\\Temp\\rust_mozprofileOcanbv"
console.warn: SearchSettings: "get: No settings file exists, new profile?" (new Error("", "(unknown module)"))
1612904133157	Marionette	INFO	Listening on port 55297
console.warn: SearchSettings: "get: No settings file exists, new profile?" (new Error("", "(unknown module)"))
1612904133242	Marionette	WARN	TLS certificate errors will be ignored for this session
1612904133259	Marionette	ERROR	[15] No reply from Marionette:Register
1612904660126	Marionette	ERROR	[35] No reply from Marionette:Register
1612904975389	Marionette	INFO	Stopped listening on port 55297

###!!! [Child][RunMessage] Error: Channel closing: too late to send/recv, messages will be lost

"--marionette" "-foreground" "-no-remote" "-profile" "C:\\Users\\juan\\AppData\\Local\\Temp\\rust_mozprofileseNEeN"
console.warn: SearchSettings: "get: No settings file exists, new profile?" (new Error("", "(unknown module)"))
1612904924524	Marionette	INFO	Listening on port 55926
console.warn: SearchSettings: "get: No settings file exists, new profile?" (new Error("", "(unknown module)"))
1612904924815	Marionette	WARN	TLS certificate errors will be ignored for this session
1612904924830	Marionette	ERROR	[15] No reply from Marionette:Register
1612904976324	Marionette	INFO	Stopped listening on port 55926

###!!! [Child][RunMessage] Error: Channel closing: too late to send/recv, messages will be lost

1612904978070	geckodriver	INFO	Listening on 127.0.0.1:56031
1612904981152	mozrunner::runner	INFO	Running command: "C:\\Program Files\\Mozilla Firefox\\firefox.exe" "--marionette" "-foreground" "-no-remote" "-profile" "C:\\Users\\juan\\AppData\\Local\\Temp\\rust_mozprofileLn5xFM"
console.warn: SearchSettings: "get: No settings file exists, new profile?" (new Error("", "(unknown module)"))
1612904983672	Marionette	INFO	Listening on port 56041
1612904983842	Marionette	WARN	TLS certificate errors will be ignored for this session
1612904983858	Marionette	ERROR	[15] No reply from Marionette:Register
console.warn: SearchSettings: "get: No settings file exists, new profile?" (new Error("", "(unknown module)"))
1612905040120	Marionette	INFO	Stopped listening on port 56041

###!!! [Child][RunMessage] Error: Channel closing: too late to send/recv, messages will be lost

"--marionette" "-foreground" "-no-remote" "-profile" "C:\\Users\\juan\\AppData\\Local\\Temp\\rust_mozprofilex448yK"
console.warn: SearchSettings: "get: No settings file exists, new profile?" (new Error("", "(unknown module)"))
1612905042727	Marionette	INFO	Listening on port 56152
1612905042785	Marionette	WARN	TLS certificate errors will be ignored for this session
1612905042801	Marionette	ERROR	[15] No reply from Marionette:Register
console.warn: SearchSettings: "get: No settings file exists, new profile?" (new Error("", "(unknown module)"))
JavaScript error: , line 0: NotFoundError: No such JSWindowActor 'MarionetteEvents'
1612905131056	Marionette	INFO	Stopped listening on port 56152

###!!! [Child][RunMessage] Error: Channel closing: too late to send/recv, messages will be lost

1612905307061	geckodriver	INFO	Listening on 127.0.0.1:56372
1612905310117	mozrunner::runner	INFO	Running command: "C:\\Program Files\\Mozilla Firefox\\firefox.exe" "--marionette" "-foreground" "-no-remote" "-profile" "C:\\Users\\juan\\AppData\\Local\\Temp\\rust_mozprofileHt5aRj"
console.warn: SearchSettings: "get: No settings file exists, new profile?" (new Error("", "(unknown module)"))
1612905312812	Marionette	INFO	Listening on port 56381
console.warn: SearchSettings: "get: No settings file exists, new profile?" (new Error("", "(unknown module)"))
1612905313292	Marionette	WARN	TLS certificate errors will be ignored for this session
1612905313305	Marionette	ERROR	[15] No reply from Marionette:Register
1612905337054	Marionette	INFO	Stopped listening on port 56381

###!!! [Child][RunMessage] Error: Channel closing: too late to send/recv, messages will be lost

1612906094613	geckodriver	INFO	Listening on 127.0.0.1:56933
1612906097658	mozrunner::runner	INFO	Running command: "C:\\Program Files\\Mozilla Firefox\\firefox.exe" "--marionette" "-foreground" "-no-remote" "-profile" "C:\\Users\\juan\\AppData\\Local\\Temp\\rust_mozprofilelDb3bR"
console.warn: SearchSettings: "get: No settings file exists, new profile?" (new Error("", "(unknown module)"))
1612906100115	Marionette	INFO	Listening on port 56944
1612906100344	Marionette	WARN	TLS certificate errors will be ignored for this session
1612906100360	Marionette	ERROR	[15] No reply from Marionette:Register
console.warn: SearchSettings: "get: No settings file exists, new profile?" (new Error("", "(unknown module)"))
1612906114547	Marionette	ERROR	[35] No reply from Marionette:Register
1612906137440	Marionette	ERROR	[39] No reply from Marionette:Register
1612906596428	Marionette	ERROR	[41] No reply from Marionette:Register
1612906640912	Marionette	INFO	Stopped listening on port 56944

###!!! [Child][RunMessage] Error: Channel closing: too late to send/recv, messages will be lost

AppData\\Local\\Temp\\rust_mozprofileL2wqep"
console.warn: SearchSettings: "get: No settings file exists, new profile?" (new Error("", "(unknown module)"))
1612906482757	Marionette	INFO	Listening on port 57288
console.warn: SearchSettings: "get: No settings file exists, new profile?" (new Error("", "(unknown module)"))
1612906483254	Marionette	WARN	TLS certificate errors will be ignored for this session
1612906483270	Marionette	ERROR	[15] No reply from Marionette:Register
1612906641738	Marionette	INFO	Stopped listening on port 57288

###!!! [Child][RunMessage] Error: Channel closing: too late to send/recv, messages will be lost

"--marionette" "-foreground" "-no-remote" "-profile" "C:\\Users\\juan\\AppData\\Local\\Temp\\rust_mozprofile5L1hch"
console.warn: SearchSettings: "get: No settings file exists, new profile?" (new Error("", "(unknown module)"))
1612906643520	Marionette	INFO	Listening on port 57479
1612906643745	Marionette	WARN	TLS certificate errors will be ignored for this session
1612906643762	Marionette	ERROR	[15] No reply from Marionette:Register
console.warn: SearchSettings: "get: No settings file exists, new profile?" (new Error("", "(unknown module)"))
1612906735373	Marionette	ERROR	[35] No reply from Marionette:Register
1612906739289	Marionette	ERROR	[39] No reply from Marionette:Register
1612907329718	Marionette	INFO	Stopped listening on port 57479

###!!! [Child][RunMessage] Error: Channel closing: too late to send/recv, messages will be lost

"--marionette" "-foreground" "-no-remote" "-profile" "C:\\Users\\juan\\AppData\\Local\\Temp\\rust_mozprofileXFmojT"
console.warn: SearchSettings: "get: No settings file exists, new profile?" (new Error("", "(unknown module)"))
1612906803775	Marionette	INFO	Listening on port 57700
1612906803868	Marionette	WARN	TLS certificate errors will be ignored for this session
1612906803885	Marionette	ERROR	[15] No reply from Marionette:Register
console.warn: SearchSettings: "get: No settings file exists, new profile?" (new Error("", "(unknown module)"))
1612907325570	Marionette	INFO	Stopped listening on port 57700

###!!! [Child][RunMessage] Error: Channel closing: too late to send/recv, messages will be lost

"--marionette" "-foreground" "-no-remote" "-profile" "C:\\Users\\juan\\AppData\\Local\\Temp\\rust_mozprofilejjxpSU"
console.warn: SearchSettings: "get: No settings file exists, new profile?" (new Error("", "(unknown module)"))
1612907320682	Marionette	INFO	Listening on port 58118
1612907320807	Marionette	WARN	TLS certificate errors will be ignored for this session
1612907320825	Marionette	ERROR	[15] No reply from Marionette:Register
console.warn: SearchSettings: "get: No settings file exists, new profile?" (new Error("", "(unknown module)"))
1612907762220	Marionette	INFO	Stopped listening on port 58118

###!!! [Child][RunMessage] Error: Channel closing: too late to send/recv, messages will be lost

"--marionette" "-foreground" "-no-remote" "-profile" "C:\\Users\\juan\\AppData\\Local\\Temp\\rust_mozprofilej1n5Y3"
console.warn: SearchSettings: "get: No settings file exists, new profile?" (new Error("", "(unknown module)"))
1612907640191	Marionette	INFO	Listening on port 58395
console.warn: SearchSettings: "get: No settings file exists, new profile?" (new Error("", "(unknown module)"))
1612907640631	Marionette	WARN	TLS certificate errors will be ignored for this session
1612907640650	Marionette	ERROR	[15] No reply from Marionette:Register
1612907763072	Marionette	INFO	Stopped listening on port 58395

###!!! [Child][RunMessage] Error: Channel closing: too late to send/recv, messages will be lost

"--marionette" "-foreground" "-no-remote" "-profile" "C:\\Users\\juan\\AppData\\Local\\Temp\\rust_mozprofilewyqIHJ"
console.warn: SearchSettings: "get: No settings file exists, new profile?" (new Error("", "(unknown module)"))
1612907701162	Marionette	INFO	Listening on port 58512
1612907701274	Marionette	WARN	TLS certificate errors will be ignored for this session
1612907701303	Marionette	ERROR	[15] No reply from Marionette:Register
console.warn: SearchSettings: "get: No settings file exists, new profile?" (new Error("", "(unknown module)"))
1612907769535	Marionette	ERROR	[35] No reply from Marionette:Register
1612907779145	Marionette	ERROR	[39] No reply from Marionette:Register
1612908080756	Marionette	INFO	Stopped listening on port 58512

###!!! [Child][RunMessage] Error: Channel closing: too late to send/recv, messages will be lost

"--marionette" "-foreground" "-no-remote" "-profile" "C:\\Users\\juan\\AppData\\Local\\Temp\\rust_mozprofileUNk1he"
console.warn: SearchSettings: "get: No settings file exists, new profile?" (new Error("", "(unknown module)"))
console.warn: SearchSettings: "get: No settings file exists, new profile?" (new Error("", "(unknown module)"))
1612907810869	Marionette	INFO	Listening on port 58664
1612907811235	Marionette	WARN	TLS certificate errors will be ignored for this session
1612907811250	Marionette	ERROR	[15] No reply from Marionette:Register
1612907839509	Marionette	ERROR	[35] No reply from Marionette:Register
1612907843222	Marionette	ERROR	[39] No reply from Marionette:Register
1612908081695	Marionette	INFO	Stopped listening on port 58664

###!!! [Child][RunMessage] Error: Channel closing: too late to send/recv, messages will be lost

"--marionette" "-foreground" "-no-remote" "-profile" "C:\\Users\\juan\\AppData\\Local\\Temp\\rust_mozprofile5iP2fz"
console.warn: SearchSettings: "get: No settings file exists, new profile?" (new Error("", "(unknown module)"))
1612908047356	Marionette	INFO	Listening on port 58887
console.warn: SearchSettings: "get: No settings file exists, new profile?" (new Error("", "(unknown module)"))
1612908047885	Marionette	WARN	TLS certificate errors will be ignored for this session
1612908047901	Marionette	ERROR	[15] No reply from Marionette:Register
1612908338877	Marionette	ERROR	[35] No reply from Marionette:Register
1612908345642	Marionette	ERROR	[39] No reply from Marionette:Register
1612908412096	Marionette	INFO	Stopped listening on port 58887

###!!! [Child][RunMessage] Error: Channel closing: too late to send/recv, messages will be lost

"--marionette" "-foreground" "-no-remote" "-profile" "C:\\Users\\juan\\AppData\\Local\\Temp\\rust_mozprofilesRH2tj"
console.warn: SearchSettings: "get: No settings file exists, new profile?" (new Error("", "(unknown module)"))
1612908411103	Marionette	INFO	Listening on port 59196
console.warn: SearchSettings: "get: No settings file exists, new profile?" (new Error("", "(unknown module)"))
1612908411380	Marionette	WARN	TLS certificate errors will be ignored for this session
1612908411398	Marionette	ERROR	[15] No reply from Marionette:Register
1612908449864	Marionette	INFO	Stopped listening on port 59196

###!!! [Child][RunMessage] Error: Channel closing: too late to send/recv, messages will be lost

1612908495374	geckodriver	INFO	Listening on 127.0.0.1:59313
1612908498442	mozrunner::runner	INFO	Running command: "C:\\Program Files\\Mozilla Firefox\\firefox.exe" "--marionette" "-foreground" "-no-remote" "-profile" "C:\\Users\\juan\\AppData\\Local\\Temp\\rust_mozprofileTyw7d3"
console.warn: SearchSettings: "get: No settings file exists, new profile?" (new Error("", "(unknown module)"))
1612908501003	Marionette	INFO	Listening on port 59325
1612908501119	Marionette	WARN	TLS certificate errors will be ignored for this session
[Parent 10260, IPC I/O Parent] WARNING: file /builds/worker/checkouts/gecko/ipc/chromium/src/base/process_util_win.cc:167
1612908501136	Marionette	ERROR	[15] No reply from Marionette:Register
console.warn: SearchSettings: "get: No settings file exists, new profile?" (new Error("", "(unknown module)"))
1612908966943	Marionette	INFO	Stopped listening on port 59325

###!!! [Child][RunMessage] Error: Channel closing: too late to send/recv, messages will be lost

1612909193149	geckodriver	INFO	Listening on 127.0.0.1:59833
1612909196229	mozrunner::runner	INFO	Running command: "C:\\Program Files\\Mozilla Firefox\\firefox.exe" "--marionette" "-foreground" "-no-remote" "-profile" "C:\\Users\\juan\\AppData\\Local\\Temp\\rust_mozprofileVcZc9c"
console.warn: SearchSettings: "get: No settings file exists, new profile?" (new Error("", "(unknown module)"))
1612909198951	Marionette	INFO	Listening on port 59843
console.warn: SearchSettings: "get: No settings file exists, new profile?" (new Error("", "(unknown module)"))
1612909199431	Marionette	WARN	TLS certificate errors will be ignored for this session
1612909199450	Marionette	ERROR	[15] No reply from Marionette:Register
JavaScript error: , line 0: NotSupportedError: The media resource indicated by the src attribute or assigned media provider object was not suitable.
1612909265551	Marionette	INFO	Stopped listening on port 59843

###!!! [Child][RunMessage] Error: Channel closing: too late to send/recv, messages will be lost

1612909279636	geckodriver	INFO	Listening on 127.0.0.1:59942
1612909282721	mozrunner::runner	INFO	Running command: "C:\\Program Files\\Mozilla Firefox\\firefox.exe" "--marionette" "-foreground" "-no-remote" "-profile" "C:\\Users\\juan\\AppData\\Local\\Temp\\rust_mozprofileWYrX5B"
console.warn: SearchSettings: "get: No settings file exists, new profile?" (new Error("", "(unknown module)"))
1612909285251	Marionette	INFO	Listening on port 59952
1612909285425	Marionette	WARN	TLS certificate errors will be ignored for this session
1612909285443	Marionette	ERROR	[15] No reply from Marionette:Register
console.warn: SearchSettings: "get: No settings file exists, new profile?" (new Error("", "(unknown module)"))
1612909327993	Marionette	INFO	Stopped listening on port 59952

###!!! [Child][RunMessage] Error: Channel closing: too late to send/recv, messages will be lost

1612909760556	geckodriver	INFO	Listening on 127.0.0.1:60285
1612909763648	mozrunner::runner	INFO	Running command: "C:\\Program Files\\Mozilla Firefox\\firefox.exe" "--marionette" "-foreground" "-no-remote" "-profile" "C:\\Users\\juan\\AppData\\Local\\Temp\\rust_mozprofileVpZh2l"
console.warn: SearchSettings: "get: No settings file exists, new profile?" (new Error("", "(unknown module)"))
1612909766179	Marionette	INFO	Listening on port 60296
1612909766339	Marionette	WARN	TLS certificate errors will be ignored for this session
1612909766354	Marionette	ERROR	[15] No reply from Marionette:Register
1612910415112	Marionette	INFO	Stopped listening on port 60296

###!!! [Child][RunMessage] Error: Channel closing: too late to send/recv, messages will be lost

"--marionette" "-foreground" "-no-remote" "-profile" "C:\\Users\\juan\\AppData\\Local\\Temp\\rust_mozprofileGjc0F1"
console.warn: SearchSettings: "get: No settings file exists, new profile?" (new Error("", "(unknown module)"))
1612910416084	Marionette	INFO	Listening on port 60791
console.warn: SearchSettings: "get: No settings file exists, new profile?" (new Error("", "(unknown module)"))
1612910416128	Marionette	WARN	TLS certificate errors will be ignored for this session
1612910416147	Marionette	ERROR	[15] No reply from Marionette:Register
[Parent 86548, IPC I/O Parent] WARNING: file /builds/worker/checkouts/gecko/ipc/chromium/src/base/process_util_win.cc:167
1612914165036	Marionette	INFO	Stopped listening on port 60791

###!!! [Child][RunMessage] Error: Channel closing: too late to send/recv, messages will be lost

1612929968526	geckodriver	INFO	Listening on 127.0.0.1:58857
1612929971607	mozrunner::runner	INFO	Running command: "C:\\Program Files\\Mozilla Firefox\\firefox.exe" "--marionette" "-foreground" "-no-remote" "-profile" "C:\\Users\\juan\\AppData\\Local\\Temp\\rust_mozprofileboBdQU"
console.warn: SearchSettings: "get: No settings file exists, new profile?" (new Error("", "(unknown module)"))
1612929973995	Marionette	INFO	Listening on port 58866
1612929974278	Marionette	WARN	TLS certificate errors will be ignored for this session
1612929974293	Marionette	ERROR	[15] No reply from Marionette:Register
console.warn: SearchSettings: "get: No settings file exists, new profile?" (new Error("", "(unknown module)"))

###!!! [Child][RunMessage] Error: Channel closing: too late to send/recv, messages will be lost

1612929995636	Marionette	INFO	Stopped listening on port 58866

###!!! [Child][RunMessage] Error: Channel closing: too late to send/recv, messages will be lost

1612930029790	geckodriver	INFO	Listening on 127.0.0.1:58967
1612930032881	mozrunner::runner	INFO	Running command: "C:\\Program Files\\Mozilla Firefox\\firefox.exe" "--marionette" "-foreground" "-no-remote" "-profile" "C:\\Users\\juan\\AppData\\Local\\Temp\\rust_mozprofile5z4qfT"
console.warn: SearchSettings: "get: No settings file exists, new profile?" (new Error("", "(unknown module)"))
1612930035371	Marionette	INFO	Listening on port 58976
console.warn: SearchSettings: "get: No settings file exists, new profile?" (new Error("", "(unknown module)"))
1612930035601	Marionette	WARN	TLS certificate errors will be ignored for this session
1612930035620	Marionette	ERROR	[15] No reply from Marionette:Register
1612930056255	Marionette	INFO	Stopped listening on port 58976

###!!! [Child][RunMessage] Error: Channel closing: too late to send/recv, messages will be lost

1613504310804	geckodriver	INFO	Listening on 127.0.0.1:51548
1613504313906	mozrunner::runner	INFO	Running command: "C:\\Program Files\\Mozilla Firefox\\firefox.exe" "--marionette" "-foreground" "-no-remote" "-profile" "C:\\Users\\juan\\AppData\\Local\\Temp\\rust_mozprofileFe9uPy"
console.warn: SearchSettings: "get: No settings file exists, new profile?" (new Error("", "(unknown module)"))
1613504317125	Marionette	INFO	Listening on port 51556
console.warn: SearchSettings: "get: No settings file exists, new profile?" (new Error("", "(unknown module)"))
1613504317618	Marionette	WARN	TLS certificate errors will be ignored for this session
1613504317638	Marionette	ERROR	[15] No reply from Marionette:Register
1613504619468	Marionette	ERROR	[35] No reply from Marionette:Register
console.error: (new TypeError("container.node.targetFront is null", "resource://devtools/client/inspector/markup/markup.js", 2241))
1613504666491	Marionette	ERROR	[39] No reply from Marionette:Register
JavaScript error: resource://gre/actors/PictureInPictureChild.jsm, line 569: TypeError: this.contentWindow is null
JavaScript error: resource://gre/actors/PictureInPictureChild.jsm, line 299: InvalidStateError: JSWindowActorChild.contentWindow getter: Cannot access property 'contentWindow' after actor 'PictureInPictureToggle' has been destroyed
JavaScript error: resource://gre/actors/PictureInPictureChild.jsm, line 299: InvalidStateError: JSWindowActorChild.contentWindow getter: Cannot access property 'contentWindow' after actor 'PictureInPictureToggle' has been destroyed
JavaScript error: resource://gre/actors/PictureInPictureChild.jsm, line 299: InvalidStateError: JSWindowActorChild.contentWindow getter: Cannot access property 'contentWindow' after actor 'PictureInPictureToggle' has been destroyed
1613504696780	Marionette	INFO	Stopped listening on port 51556

###!!! [Child][RunMessage] Error: Channel closing: too late to send/recv, messages will be lost

1613504701232	geckodriver	INFO	Listening on 127.0.0.1:51700
1613504704332	mozrunner::runner	INFO	Running command: "C:\\Program Files\\Mozilla Firefox\\firefox.exe" "--marionette" "-foreground" "-no-remote" "-profile" "C:\\Users\\juan\\AppData\\Local\\Temp\\rust_mozprofileTjRH5M"
console.warn: SearchSettings: "get: No settings file exists, new profile?" (new Error("", "(unknown module)"))
1613504707031	Marionette	INFO	Listening on port 51711
console.warn: SearchSettings: "get: No settings file exists, new profile?" (new Error("", "(unknown module)"))
1613504707514	Marionette	WARN	TLS certificate errors will be ignored for this session
1613504707529	Marionette	ERROR	[15] No reply from Marionette:Register

###!!! [Child][RunMessage] Error: Channel closing: too late to send/recv, messages will be lost

1613504756315	Marionette	INFO	Stopped listening on port 51711

###!!! [Child][RunMessage] Error: Channel closing: too late to send/recv, messages will be lost

1613504876834	geckodriver	INFO	Listening on 127.0.0.1:51801
1613504879868	mozrunner::runner	INFO	Running command: "C:\\Program Files\\Mozilla Firefox\\firefox.exe" "--marionette" "-foreground" "-no-remote" "-profile" "C:\\Users\\juan\\AppData\\Local\\Temp\\rust_mozprofileOTE6ja"
console.warn: SearchSettings: "get: No settings file exists, new profile?" (new Error("", "(unknown module)"))
1613504882488	Marionette	INFO	Listening on port 51809
1613504882541	Marionette	WARN	TLS certificate errors will be ignored for this session
1613504882559	Marionette	ERROR	[15] No reply from Marionette:Register
console.warn: SearchSettings: "get: No settings file exists, new profile?" (new Error("", "(unknown module)"))
1613504898546	Marionette	WARN	TimedPromise timed out after 500 ms: stacktrace:
TimedPromise/<@chrome://marionette/content/sync.js:235:19
TimedPromise@chrome://marionette/content/sync.js:220:10
interaction.flushEventLoop@chrome://marionette/content/interaction.js:418:10
webdriverClickElement@chrome://marionette/content/interaction.js:179:31

###!!! [Child][MessageChannel] Error: (msgtype=0x6B0027,name=PNecko::Msg_RemoveRequestContext) Channel closing: too late to send/recv, messages will be lost

1613504974200	Marionette	INFO	Stopped listening on port 51809

###!!! [Child][RunMessage] Error: Channel closing: too late to send/recv, messages will be lost

1613505078982	geckodriver	INFO	Listening on 127.0.0.1:51933
1613505082044	mozrunner::runner	INFO	Running command: "C:\\Program Files\\Mozilla Firefox\\firefox.exe" "--marionette" "-foreground" "-no-remote" "-profile" "C:\\Users\\juan\\AppData\\Local\\Temp\\rust_mozprofilevHC3Wf"
console.warn: SearchSettings: "get: No settings file exists, new profile?" (new Error("", "(unknown module)"))
1613505084685	Marionette	INFO	Listening on port 51941
1613505084745	Marionette	WARN	TLS certificate errors will be ignored for this session
1613505084763	Marionette	ERROR	[15] No reply from Marionette:Register
console.warn: SearchSettings: "get: No settings file exists, new profile?" (new Error("", "(unknown module)"))
1613505118723	Marionette	INFO	Stopped listening on port 51941

###!!! [Child][RunMessage] Error: Channel closing: too late to send/recv, messages will be lost

1613505230662	geckodriver	INFO	Listening on 127.0.0.1:52035
1613505233718	mozrunner::runner	INFO	Running command: "C:\\Program Files\\Mozilla Firefox\\firefox.exe" "--marionette" "-foreground" "-no-remote" "-profile" "C:\\Users\\juan\\AppData\\Local\\Temp\\rust_mozprofileBQF4tN"
console.warn: SearchSettings: "get: No settings file exists, new profile?" (new Error("", "(unknown module)"))
1613505236493	Marionette	INFO	Listening on port 52043
console.warn: SearchSettings: "get: No settings file exists, new profile?" (new Error("", "(unknown module)"))
1613505236914	Marionette	WARN	TLS certificate errors will be ignored for this session
1613505236929	Marionette	ERROR	[15] No reply from Marionette:Register
JavaScript error: resource://activity-stream/lib/ASRouter.jsm, line 987: NS_ERROR_ILLEGAL_VALUE: Component returned failure code: 0x80070057 (NS_ERROR_ILLEGAL_VALUE) [nsIObserverService.removeObserver]
1613505237858	Marionette	INFO	Stopped listening on port 52043

###!!! [Child][RunMessage] Error: Channel closing: too late to send/recv, messages will be lost

1613505248449	geckodriver	INFO	Listening on 127.0.0.1:52077
1613505251551	mozrunner::runner	INFO	Running command: "C:\\Program Files\\Mozilla Firefox\\firefox.exe" "--marionette" "-foreground" "-no-remote" "-profile" "C:\\Users\\juan\\AppData\\Local\\Temp\\rust_mozprofileFk018w"
console.warn: SearchSettings: "get: No settings file exists, new profile?" (new Error("", "(unknown module)"))
1613505253979	Marionette	INFO	Listening on port 52086
1613505254231	Marionette	WARN	TLS certificate errors will be ignored for this session
1613505254263	Marionette	ERROR	[15] No reply from Marionette:Register
console.warn: SearchSettings: "get: No settings file exists, new profile?" (new Error("", "(unknown module)"))
1613505279459	Marionette	ERROR	[35] No reply from Marionette:Register
1613505289613	Marionette	INFO	Stopped listening on port 52086

###!!! [Child][RunMessage] Error: Channel closing: too late to send/recv, messages will be lost

1613506598029	geckodriver	INFO	Listening on 127.0.0.1:52475
1613506601115	mozrunner::runner	INFO	Running command: "C:\\Program Files\\Mozilla Firefox\\firefox.exe" "--marionette" "-foreground" "-no-remote" "-profile" "C:\\Users\\juan\\AppData\\Local\\Temp\\rust_mozprofileXMIsbm"
console.warn: SearchSettings: "get: No settings file exists, new profile?" (new Error("", "(unknown module)"))
1613506603515	Marionette	INFO	Listening on port 52484
console.warn: SearchSettings: "get: No settings file exists, new profile?" (new Error("", "(unknown module)"))
1613506603809	Marionette	WARN	TLS certificate errors will be ignored for this session
1613506603824	Marionette	ERROR	[15] No reply from Marionette:Register
1613506629031	Marionette	ERROR	[35] No reply from Marionette:Register

###!!! [Child][MessageChannel] Error: (msgtype=0x3A0144,name=PContent::Msg_ScriptError) Channel closing: too late to send/recv, messages will be lost


###!!! [Child][MessageChannel] Error: (msgtype=0xB60006,name=PWebSocket::Msg_DeleteSelf) Channel closing: too late to send/recv, messages will be lost

1613506644454	Marionette	INFO	Stopped listening on port 52484

###!!! [Child][RunMessage] Error: Channel closing: too late to send/recv, messages will be lost

1613506783802	geckodriver	INFO	Listening on 127.0.0.1:52581
1613506786878	mozrunner::runner	INFO	Running command: "C:\\Program Files\\Mozilla Firefox\\firefox.exe" "--marionette" "-foreground" "-no-remote" "-profile" "C:\\Users\\juan\\AppData\\Local\\Temp\\rust_mozprofileEuMooq"
console.warn: SearchSettings: "get: No settings file exists, new profile?" (new Error("", "(unknown module)"))
1613506789500	Marionette	INFO	Listening on port 52589
1613506789554	Marionette	WARN	TLS certificate errors will be ignored for this session
1613506789571	Marionette	ERROR	[15] No reply from Marionette:Register
console.warn: SearchSettings: "get: No settings file exists, new profile?" (new Error("", "(unknown module)"))
1613506814868	Marionette	ERROR	[35] No reply from Marionette:Register
console.log: WebExtensions: reset-default-search: No addons in our list are installed.
1613509322171	Marionette	ERROR	[39] No reply from Marionette:Register
1613509324336	Marionette	INFO	Stopped listening on port 52589

###!!! [Child][RunMessage] Error: Channel closing: too late to send/recv, messages will be lost

1613538507811	geckodriver	INFO	Listening on 127.0.0.1:52926
1613538510898	mozrunner::runner	INFO	Running command: "C:\\Program Files\\Mozilla Firefox\\firefox.exe" "--marionette" "-foreground" "-no-remote" "-profile" "C:\\Users\\juan\\AppData\\Local\\Temp\\rust_mozprofileHOK3zO"
console.warn: SearchSettings: "get: No settings file exists, new profile?" (new Error("", "(unknown module)"))
1613538513423	Marionette	INFO	Listening on port 52935
1613538513588	Marionette	WARN	TLS certificate errors will be ignored for this session
1613538513606	Marionette	ERROR	[15] No reply from Marionette:Register
console.warn: SearchSettings: "get: No settings file exists, new profile?" (new Error("", "(unknown module)"))
1613538537732	Marionette	ERROR	[35] No reply from Marionette:Register
1613538571267	Marionette	ERROR	[37] No reply from Marionette:Register
console.error: "Error while calling actor 'pagestyle's method 'getLayout'" "node is null"
console.error: "getLayout@resource://devtools/server/actors/page-style.js:1003:5\nhandler@resource://devtools/shared/protocol/Actor.js:172:37\nonPacket@resource://devtools/server/devtools-server-connection.js:379:58\nreceiveMessage@resource://devtools/shared/transport/child-transport.js:68:16\n"
console.error: (new TypeError("parent is null", "resource://devtools/client/inspector/shared/style-change-tracker.js", 67))
TypeError: parent is null: canMutationImpactCurrentStyles@resource://devtools/client/inspector/shared/style-change-tracker.js:67:24
onMutations@resource://devtools/client/inspector/shared/style-change-tracker.js:84:41
_emit@resource://devtools/shared/event-emitter.js:226:34
emit@resource://devtools/shared/event-emitter.js:172:18
emit@resource://devtools/shared/event-emitter.js:324:18
getMutations@resource://devtools/client/fronts/walker.js:358:10

console.error: (new TypeError("nodeFront.walkerFront is null", "resource://devtools/client/inspector/markup/markup.js", 888))
TypeError: nodeFront.walkerFront is null: _onNewSelection@resource://devtools/client/inspector/markup/markup.js:888:7
_emit@resource://devtools/shared/event-emitter.js:226:34
emit@resource://devtools/shared/event-emitter.js:172:18
emit@resource://devtools/shared/event-emitter.js:324:18
setNodeFront@resource://devtools/client/framework/selection.js:161:10
onDetached@resource://devtools/client/inspector/inspector.js:1641:20
_emit@resource://devtools/shared/event-emitter.js:226:34
emit@resource://devtools/shared/event-emitter.js:172:18
emit@resource://devtools/shared/event-emitter.js:324:18
_onMutations@resource://devtools/client/framework/selection.js:104:12
_emit@resource://devtools/shared/event-emitter.js:226:34
emit@resource://devtools/shared/event-emitter.js:172:18
emit@resource://devtools/shared/event-emitter.js:324:18
getMutations@resource://devtools/client/fronts/walker.js:358:10

console.error: (new Error("Can not send request 'getAllSelectors' because front 'domnode' is already destroyed.", "resource://devtools/shared/protocol/Front/FrontClassWithSpec.js", 28))
Error: Can not send request 'getAllSelectors' because front 'domnode' is already destroyed.: generateRequestMethods/</frontProto[name]@resource://devtools/shared/protocol/Front/FrontClassWithSpec.js:28:15
updateSelectionCssSelectors@resource://devtools/client/inspector/inspector.js:1455:32
onNewSelection@resource://devtools/client/inspector/inspector.js:1526:10
_emit@resource://devtools/shared/event-emitter.js:226:34
emit@resource://devtools/shared/event-emitter.js:172:18
emit@resource://devtools/shared/event-emitter.js:324:18
setNodeFront@resource://devtools/client/framework/selection.js:161:10
onDetached@resource://devtools/client/inspector/inspector.js:1641:20
_emit@resource://devtools/shared/event-emitter.js:226:34
emit@resource://devtools/shared/event-emitter.js:172:18
emit@resource://devtools/shared/event-emitter.js:324:18
_onMutations@resource://devtools/client/framework/selection.js:104:12
_emit@resource://devtools/shared/event-emitter.js:226:34
emit@resource://devtools/shared/event-emitter.js:172:18
emit@resource://devtools/shared/event-emitter.js:324:18
getMutations@resource://devtools/client/fronts/walker.js:358:10

console.error: (new TypeError("container.node.targetFront is null", "resource://devtools/client/inspector/markup/markup.js", 2241))
console.error: (new TypeError("container.node.targetFront is null", "resource://devtools/client/inspector/markup/markup.js", 2241))
console.error: (new TypeError("container.node.targetFront is null", "resource://devtools/client/inspector/markup/markup.js", 2241))
console.error: (new TypeError("container.node.targetFront is null", "resource://devtools/client/inspector/markup/markup.js", 2241))
console.error: (new Error("Protocol error (TypeError): node is null from: server0.conn0.child3/pagestyle26 (resource://devtools/server/actors/page-style.js:1003:5)", "resource://devtools/shared/protocol/Front.js", 361))

###!!! [Child][RunMessage] Error: Channel closing: too late to send/recv, messages will be lost

1613538689896	Marionette	INFO	Stopped listening on port 52935

###!!! [Child][RunMessage] Error: Channel closing: too late to send/recv, messages will be lost

1613538902213	geckodriver	INFO	Listening on 127.0.0.1:53114
1613538905278	mozrunner::runner	INFO	Running command: "C:\\Program Files\\Mozilla Firefox\\firefox.exe" "--marionette" "-foreground" "-no-remote" "-profile" "C:\\Users\\juan\\AppData\\Local\\Temp\\rust_mozprofileThL6Hn"
console.warn: SearchSettings: "get: No settings file exists, new profile?" (new Error("", "(unknown module)"))
1613538908064	Marionette	INFO	Listening on port 53122
console.warn: SearchSettings: "get: No settings file exists, new profile?" (new Error("", "(unknown module)"))
1613538908462	Marionette	WARN	TLS certificate errors will be ignored for this session
1613538908478	Marionette	ERROR	[15] No reply from Marionette:Register
1613538932940	Marionette	ERROR	[35] No reply from Marionette:Register
1613538954612	Marionette	INFO	Stopped listening on port 53122

###!!! [Child][RunMessage] Error: Channel closing: too late to send/recv, messages will be lost

1613539423724	geckodriver	INFO	Listening on 127.0.0.1:53316
1613539426814	mozrunner::runner	INFO	Running command: "C:\\Program Files\\Mozilla Firefox\\firefox.exe" "--marionette" "-foreground" "-no-remote" "-profile" "C:\\Users\\juan\\AppData\\Local\\Temp\\rust_mozprofileky17gb"
console.warn: SearchSettings: "get: No settings file exists, new profile?" (new Error("", "(unknown module)"))
1613539429674	Marionette	INFO	Listening on port 53325
console.warn: SearchSettings: "get: No settings file exists, new profile?" (new Error("", "(unknown module)"))
1613539430000	Marionette	WARN	TLS certificate errors will be ignored for this session
1613539430013	Marionette	ERROR	[15] No reply from Marionette:Register
1613539430603	Marionette	ERROR	[35] No reply from Marionette:Register

###!!! [Child][RunMessage] Error: Channel closing: too late to send/recv, messages will be lost

1613539438214	Marionette	INFO	Stopped listening on port 53325

###!!! [Child][RunMessage] Error: Channel closing: too late to send/recv, messages will be lost

1613539444945	geckodriver	INFO	Listening on 127.0.0.1:53377
1613539448024	mozrunner::runner	INFO	Running command: "C:\\Program Files\\Mozilla Firefox\\firefox.exe" "--marionette" "-foreground" "-no-remote" "-profile" "C:\\Users\\juan\\AppData\\Local\\Temp\\rust_mozprofile8fJGVA"
console.warn: SearchSettings: "get: No settings file exists, new profile?" (new Error("", "(unknown module)"))
1613539450524	Marionette	INFO	Listening on port 53386
1613539450697	Marionette	WARN	TLS certificate errors will be ignored for this session
1613539450714	Marionette	ERROR	[15] No reply from Marionette:Register
console.warn: SearchSettings: "get: No settings file exists, new profile?" (new Error("", "(unknown module)"))
1613539474922	Marionette	ERROR	[35] No reply from Marionette:Register
1613539534869	Marionette	ERROR	[37] No reply from Marionette:Register
console.error: (new TypeError("parent is null", "resource://devtools/client/inspector/shared/style-change-tracker.js", 67))
TypeError: parent is null: canMutationImpactCurrentStyles@resource://devtools/client/inspector/shared/style-change-tracker.js:67:24
onMutations@resource://devtools/client/inspector/shared/style-change-tracker.js:84:41
_emit@resource://devtools/shared/event-emitter.js:226:34
emit@resource://devtools/shared/event-emitteconsole.warn: SearchSettings: "get: No settings file exists, new profile?" (new Error("", "(unknown module)"))
1613539626665	Marionette	WARN	TLS certificate errors will be ignored for this session
1613539626678	Marionette	ERROR	[15] No reply from Marionette:Register
1613539651618	Marionette	ERROR	[35] No reply from Marionette:Register
1613539677943	Marionette	ERROR	[37] No reply from Marionette:Register
console.error: "Error while calling actor 'pagestyle's method 'getApplied'" "node is null"
console.error: "getApplied@resource://devtools/server/actors/page-style.js:571:5\nhandler@resource://devtools/shared/protocol/Actor.js:172:37\nonPacket@resource://devtools/server/devtools-server-connection.js:379:58\nreceiveMessage@resource://devtools/shared/transport/child-transport.js:68:16\n"
console.error: (new TypeError("parent is null", "resource://devtools/client/inspector/shared/style-change-tracker.js", 67))
TypeError: parent is null: canMutationImpactCurrentStyles@resource://devtools/client/inspector/shared/style-change-tracker.js:67:24
onMutations@resource://devtools/client/inspector/shared/style-change-tracker.js:84:41
_emit@resource://devtools/shared/event-emitter.js:226:34
emit@resource://devtools/shared/event-emitter.js:172:18
emit@resource://devtools/shared/event-emitter.js:324:18
getMutations@resource://devtools/client/fronts/walker.js:358:10

console.error: (new TypeError("nodeFront.walkerFront is null", "resource://devtools/client/inspector/markup/markup.js", 888))
TypeError: nodeFront.walkerFront is null: _onNewSelection@resource://devtools/client/inspector/markup/markup.js:888:7
_emit@resource://devtools/shared/event-emitter.js:226:34
emit@resource://devtools/shared/event-emitter.js:172:18
emit@resource://devtools/shared/event-emitter.js:324:18
setNodeFront@resource://devtools/client/framework/selection.js:161:10
onDetached@resource://devtools/client/inspector/inspector.js:1641:20
_emit@resource://devtools/shared/event-emitter.js:226:34
emit@resource://devtools/shared/event-emitter.js:172:18
emit@resource://devtools/shared/event-emitter.js:324:18
_onMutations@resource://devtools/client/framework/selection.js:104:12
_emit@resource://devtools/shared/event-emitter.js:226:34
emit@resource://devtools/shared/event-emitter.js:172:18
emit@resource://devtools/shared/event-emitter.js:324:18
getMutations@resource://devtools/client/fronts/walker.js:358:10

console.error: (new Error("Can not send request 'getAllSelectors' because front 'domnode' is already destroyed.", "resource://devtools/shared/protocol/Front/FrontClassWithSpec.js", 28))
Error: Can not send request 'getAllSelectors' because front 'domnode' is already destroyed.: generateRequestMethods/</frontProto[name]@resource://devtools/shared/protocol/Front/FrontClassWithSpec.js:28:15
updateSelectionCssSelectors@resource://devtools/client/inspector/inspector.js:1455:32
onNewSelection@resource://devtools/client/inspector/inspector.js:1526:10
_emit@resource://devtools/shared/event-emitter.js:226:34
emit@resource://devtools/shared/event-emitter.js:172:18
emit@resource://devtools/shared/event-emitter.js:324:18
setNodeFront@resource://devtools/client/framework/selection.js:161:10
onDetached@resource://devtools/client/inspector/inspector.js:1641:20
_emit@resource://devtools/shared/event-emitter.js:226:34
emit@resource://devtools/shared/event-emitter.js:172:18
emit@resource://devtools/shared/event-emitter.js:324:18
_onMutations@resource://devtools/client/framework/selection.js:104:12
_emit@resource://devtools/shared/event-emitter.js:226:34
emit@resource://devtools/shared/event-emitter.js:172:18
emit@resource://devtools/shared/event-emitter.js:324:18
getMutations@resource://devtools/client/fronts/walker.js:358:10

console.error: (new Error("Protocol error (TypeError): node is null from: server0.conn0.child3/pagestyle26 (resource://devtools/server/actors/page-style.js:571:5)", "resource://devtools/shared/protocol/Front.js", 361))
console.error: (new TypeError("parent is null", "resource://devtools/client/inspector/shared/style-change-tracker.js", 67))
TypeError: parent is null: canMutationImpactCurrentStyles@resource://devtools/client/inspector/shared/style-change-tracker.js:67:24
onMutations@resource://devtools/client/inspector/shared/style-change-tracker.js:84:41
_emit@resource://devtools/shared/event-emitter.js:226:34
emit@resource://devtools/shared/event-emitter.js:172:18
emit@resource://devtools/shared/event-emitter.js:324:18
getMutations@resource://devtools/client/fronts/walker.js:358:10

console.error: (new TypeError("parent is null", "resource://devtools/client/inspector/shared/style-change-tracker.js", 67))
TypeError: parent is null: canMutationImpactCurrentStyles@resource://devtools/client/inspector/shared/style-change-tracker.js:67:24
onMutations@resource://devtools/client/inspector/shared/style-change-tracker.js:84:41
_emit@resource://devtools/shared/event-emitter.js:226:34
emit@resource://devtools/shared/event-emitter.js:172:18
emit@resource://devtools/shared/event-emitter.js:324:18
getMutations@resource://devtools/client/fronts/walker.js:358:10

console.error: (new TypeError("parent is null", "resource://devtools/client/inspector/shared/style-change-tracker.js", 67))
TypeError: parent is null: canMutationImpactCurrentStyles@resource://devtools/client/inspector/shared/style-change-tracker.js:67:24
onMutations@resource://devtools/client/inspector/shared/style-change-tracker.js:84:41
_emit@resource://devtools/shared/event-emitter.js:226:34
emit@resource://devtools/shared/event-emitter.js:172:18
emit@resource://devtools/shared/event-emitter.js:324:18
getMutations@resource://devtools/client/fronts/walker.js:358:10

console.error: (new TypeError("parent is null", "resource://devtools/client/inspector/shared/style-change-tracker.js", 67))
TypeError: parent is null: canMutationImpactCurrentStyles@resource://devtools/client/inspector/shared/style-change-tracker.js:67:24
onMutations@resource://devtools/client/inspector/shared/style-change-tracker.js:84:41
_emit@resource://devtools/shared/event-emitter.js:226:34
emit@resource://devtools/shared/event-emitter.js:172:18
emit@resource://devtools/shared/event-emitter.js:324:18
getMutations@resource://devtools/client/fronts/walker.js:358:10

console.error: (new TypeError("parent is null", "resource://devtools/client/inspector/shared/style-change-tracker.js", 67))
TypeError: parent is null: canMutationImpactCurrentStyles@resource://devtools/client/inspector/shared/style-change-tracker.js:67:24
onMutations@resource://devtools/client/inspector/shared/style-change-tracker.js:84:41
_emit@resource://devtools/shared/event-emitter.js:226:34
emit@resource://devtools/shared/event-emitter.js:172:18
emit@resource://devtools/shared/event-emitter.js:324:18
getMutations@resource://devtools/client/fronts/walker.js:358:10

1613539858623	Marionette	ERROR	[41] No reply from Marionette:Register
Handler function _httpStopRequest threw an exception: [Exception... "Component returned failure code: 0x80004005 (NS_ERROR_FAILURE) [nsITraceableChannel.setNewListener]"  nsresult: "0x80004005 (NS_ERROR_FAILURE)"  location: "JS frame :: resource://devtools/server/actors/network-monitor/network-observer.js :: _setupResponseListener :: line 1086"  data: no]
Stack: _setupResponseListener@resource://devtools/server/actors/network-monitor/network-observer.js:1086:38
_createNetworkEvent@resource://devtools/server/actors/network-monitor/network-observer.js:912:12
_httpStopRequest@resource://devtools/server/actors/network-monitor/network-observer.js:409:14
exports.makeInfallible/<@resource://devtools/shared/ThreadSafeDevToolsUtils.js:103:22
Line: 1086, column: 0
console.error: ({})
1613539861178	Marionette	INFO	Stopped listening on port 53518

###!!! [Child][RunMessage] Error: Channel closing: too late to send/recv, messages will be lost

1613539899065	geckodriver	INFO	Listening on 127.0.0.1:53634
1613539902136	mozrunner::runner	INFO	Running command: "C:\\Program Files\\Mozilla Firefox\\firefox.exe" "--marionette" "-foreground" "-no-remote" "-profile" "C:\\Users\\juan\\AppData\\Local\\Temp\\rust_mozprofilenE6U5F"
console.warn: SearchSettings: "get: No settings file exists, new profile?" (new Error("", "(unknown module)"))
1613539904851	Marionette	INFO	Listening on port 53642
console.warn: SearchSettings: "get: No settings file exists, new profile?" (new Error("", "(unknown module)"))
1613539905330	Marionette	WARN	TLS certificate errors will be ignored for this session
1613539905350	Marionette	ERROR	[18] No reply from Marionette:Register
1613539933625	Marionette	ERROR	[35] No reply from Marionette:Register
1613539943712	Marionette	ERROR	[37] No reply from Marionette:Register

###!!! [Child][RunMessage] Error: Channel closing: too late to send/recv, messages will be lost

1613539949864	Marionette	INFO	Stopped listening on port 53642

###!!! [Child][RunMessage] Error: Channel closing: too late to send/recv, messages will be lost

